[debug] [2024-04-01T02:36:50.030Z] ----------------------------------------------------------------------
[debug] [2024-04-01T02:36:50.031Z] Command:       /opt/homebrew/Cellar/node/21.6.1/bin/node /usr/local/bin/firebase init
[debug] [2024-04-01T02:36:50.031Z] CLI Version:   12.4.7
[debug] [2024-04-01T02:36:50.031Z] Platform:      darwin
[debug] [2024-04-01T02:36:50.032Z] Node Version:  v21.6.1
[debug] [2024-04-01T02:36:50.032Z] Time:          Mon Apr 01 2024 06:36:50 GMT+0400 (Gulf Standard Time)
[debug] [2024-04-01T02:36:50.032Z] ----------------------------------------------------------------------
[debug] 
[debug] [2024-04-01T02:36:50.063Z] > command requires scopes: ["email","openid","https://www.googleapis.com/auth/cloudplatformprojects.readonly","https://www.googleapis.com/auth/firebase","https://www.googleapis.com/auth/cloud-platform"]
[debug] [2024-04-01T02:36:50.063Z] > authorizing via signed-in user (atibjawad@gmail.com)
[info] 
     ######## #### ########  ######## ########     ###     ######  ########
     ##        ##  ##     ## ##       ##     ##  ##   ##  ##       ##
     ######    ##  ########  ######   ########  #########  ######  ######
     ##        ##  ##    ##  ##       ##     ## ##     ##       ## ##
     ##       #### ##     ## ######## ########  ##     ##  ######  ########

You're about to initialize a Firebase project in this directory:

  /Users/zion/Documents/git/locked-in

Before we get started, keep in mind:

  * You are initializing within an existing Firebase project directory

[info] 
=== Project Setup
[info] 
[info] First, let's associate this project directory with a Firebase project.
[info] You can create multiple project aliases by running firebase use --add, 
[info] but for now we'll just set up a default project.
[info] 
[debug] [2024-04-01T02:36:54.023Z] > refreshing access token with scopes: []
[debug] [2024-04-01T02:36:54.026Z] >>> [apiv2][query] POST https://www.googleapis.com/oauth2/v3/token [none]
[debug] [2024-04-01T02:36:54.026Z] >>> [apiv2][body] POST https://www.googleapis.com/oauth2/v3/token [omitted]
[debug] [2024-04-01T02:36:54.364Z] <<< [apiv2][status] POST https://www.googleapis.com/oauth2/v3/token 400
[debug] [2024-04-01T02:36:54.364Z] <<< [apiv2][body] POST https://www.googleapis.com/oauth2/v3/token [omitted]
[debug] [2024-04-01T02:36:54.365Z] >>> [apiv2][query] GET https://firebase.googleapis.com/v1beta1/projects pageSize=100
[debug] [2024-04-01T02:36:54.660Z] <<< [apiv2][status] GET https://firebase.googleapis.com/v1beta1/projects 401
[debug] [2024-04-01T02:36:54.661Z] <<< [apiv2][body] GET https://firebase.googleapis.com/v1beta1/projects [omitted]
[debug] [2024-04-01T02:36:54.661Z] HTTP Error: 401, Request had invalid authentication credentials. Expected OAuth 2 access token, login cookie or other valid authentication credential. See https://developers.google.com/identity/sign-in/web/devconsole-project.
[debug] [2024-04-01T02:36:54.663Z] FirebaseError: HTTP Error: 401, Request had invalid authentication credentials. Expected OAuth 2 access token, login cookie or other valid authentication credential. See https://developers.google.com/identity/sign-in/web/devconsole-project.
    at responseToError (/usr/local/lib/node_modules/firebase-tools/lib/responseToError.js:49:12)
    at RetryOperation._fn (/usr/local/lib/node_modules/firebase-tools/lib/apiv2.js:285:77)
    at process.processTicksAndRejections (node:internal/process/task_queues:95:5)
[error] 
[error] Error: Failed to list Firebase projects. See firebase-debug.log for more info.
